d:\документы\проекты\kursovv3\kursovv3\x64\debug\vc143.pdb
d:\документы\проекты\kursovv3\kursovv3\x64\debug\.netframework,version=v4.7.2.assemblyattributes.obj
d:\документы\проекты\kursovv3\kursovv3\x64\debug\tspisok.obj
d:\документы\проекты\kursovv3\kursovv3\x64\debug\resurs.obj
d:\документы\проекты\kursovv3\kursovv3\x64\debug\myform.obj
d:\документы\проекты\kursovv3\kursovv3\x64\debug\dissertation.obj
d:\документы\проекты\kursovv3\kursovv3\x64\debug\book.obj
d:\документы\проекты\kursovv3\kursovv3\x64\debug\article.obj
d:\документы\проекты\kursovv3\x64\debug\kursovv3.exe
d:\документы\проекты\kursovv3\x64\debug\kursovv3.pdb
d:\документы\проекты\kursovv3\kursovv3\x64\debug\kursovv3.tlog\cl.command.1.tlog
d:\документы\проекты\kursovv3\kursovv3\x64\debug\kursovv3.tlog\cl.items.tlog
d:\документы\проекты\kursovv3\kursovv3\x64\debug\kursovv3.tlog\cl.read.1.tlog
d:\документы\проекты\kursovv3\kursovv3\x64\debug\kursovv3.tlog\cl.write.1.tlog
d:\документы\проекты\kursovv3\kursovv3\x64\debug\kursovv3.tlog\link.command.1.tlog
d:\документы\проекты\kursovv3\kursovv3\x64\debug\kursovv3.tlog\link.read.1.tlog
d:\документы\проекты\kursovv3\kursovv3\x64\debug\kursovv3.tlog\link.write.1.tlog
d:\документы\проекты\kursovv3\kursovv3\x64\debug\kursovv3.tlog\metagen.read.1.tlog
d:\документы\проекты\kursovv3\kursovv3\x64\debug\kursovv3.tlog\metagen.write.1.tlog
d:\документы\проекты\kursovv3\kursovv3\x64\debug\kursovv3.tlog\resgen.command.1.tlog
d:\документы\проекты\kursovv3\kursovv3\x64\debug\kursovv3.tlog\resgen.read.1.tlog
d:\документы\проекты\kursovv3\kursovv3\x64\debug\kursovv3.tlog\resgen.write.1.tlog
